Build started 10/10/2013 12:31:52 AM.
     1>Project "D:\git repos\UnityFreeOculusBase\BuildDependencies\VPRN\vrpnServerSimple\vrpnServerSimple\vrpnServerSimple.vcxproj" on node 2 (build target(s)).
     1>InitializeBuildStatus:
         Creating "Release\vrpnServerSimple.unsuccessfulbuild" because "AlwaysCreate" was specified.
       ClCompile:
         C:\Program Files (x86)\Microsoft Visual Studio 10.0\VC\bin\CL.exe /c /I..\vrpn /I..\LibOVR\Include /Zi /nologo /W3 /WX- /O2 /Oi /Oy- /GL /D WIN32 /D NDEBUG /D _CONSOLE /D _UNICODE /D UNICODE /Gm- /EHsc /MD /GS /Gy /fp:precise /Zc:wchar_t /Zc:forScope /Fo"Release\\" /Fd"Release\vc100.pdb" /Gd /TP /analyze- /errorReport:prompt OculusManager.cpp
         OculusManager.cpp
       Link:
         C:\Program Files (x86)\Microsoft Visual Studio 10.0\VC\bin\link.exe /ERRORREPORT:PROMPT /OUT:"D:\git repos\UnityFreeOculusBase\BuildDependencies\VPRN\vrpnServerSimple\Release\vrpnServerSimple.exe" /INCREMENTAL:NO /NOLOGO /LIBPATH:..\vrpn\VC2008\Release /LIBPATH:..\LibOVR\Lib\Win32\ vrpn.lib winmm.lib libovr.lib kernel32.lib user32.lib gdi32.lib winspool.lib comdlg32.lib advapi32.lib shell32.lib ole32.lib oleaut32.lib uuid.lib odbc32.lib odbccp32.lib /MANIFEST /ManifestFile:"Release\vrpnServerSimple.exe.intermediate.manifest" /MANIFESTUAC:"level='asInvoker' uiAccess='false'" /DEBUG /PDB:"D:\git repos\UnityFreeOculusBase\BuildDependencies\VPRN\vrpnServerSimple\Release\vrpnServerSimple.pdb" /SUBSYSTEM:CONSOLE /OPT:REF /OPT:ICF /LTCG /TLBID:1 /DYNAMICBASE /NXCOMPAT /IMPLIB:"D:\git repos\UnityFreeOculusBase\BuildDependencies\VPRN\vrpnServerSimple\Release\vrpnServerSimple.lib" /MACHINE:X86 Release\OculusManager.obj
         Release\vrpnServerSimple.obj
         Generating code
         Finished generating code
         vrpnServerSimple.vcxproj -> D:\git repos\UnityFreeOculusBase\BuildDependencies\VPRN\vrpnServerSimple\Release\vrpnServerSimple.exe
       Manifest:
         C:\Program Files (x86)\Microsoft SDKs\Windows\v7.0A\bin\mt.exe /nologo /verbose /outputresource:"D:\git repos\UnityFreeOculusBase\BuildDependencies\VPRN\vrpnServerSimple\Release\vrpnServerSimple.exe;#1" /manifest Release\vrpnServerSimple.exe.intermediate.manifest
       FinalizeBuildStatus:
         Deleting file "Release\vrpnServerSimple.unsuccessfulbuild".
         Touching "Release\vrpnServerSimple.lastbuildstate".
     1>Done Building Project "D:\git repos\UnityFreeOculusBase\BuildDependencies\VPRN\vrpnServerSimple\vrpnServerSimple\vrpnServerSimple.vcxproj" (build target(s)).

Build succeeded.

Time Elapsed 00:00:01.11
