Build started 10/10/2013 12:04:03 AM.
     1>Project "D:\git repos\UnityFreeOculusBase\BuildDependencies\VPRN\vrpnServerSimple\vrpnServerSimple\vrpnServerSimple.vcxproj" on node 2 (build target(s)).
     1>InitializeBuildStatus:
         Touching "Debug\vrpnServerSimple.unsuccessfulbuild".
       ClCompile:
         C:\Program Files (x86)\Microsoft Visual Studio 10.0\VC\bin\CL.exe /c /I..\vrpn /I..\LibOVR\Include /ZI /nologo /W3 /WX- /Od /Oy- /D WIN32 /D _DEBUG /D _CONSOLE /D _UNICODE /D UNICODE /Gm /EHsc /RTC1 /MDd /GS /fp:precise /Zc:wchar_t /Zc:forScope /Fo"Debug\\" /Fd"Debug\vc100.pdb" /Gd /TP /analyze- /errorReport:prompt vrpnServerSimple.cpp
         vrpnServerSimple.cpp
     1>d:\git repos\unityfreeoculusbase\builddependencies\vprn\vrpnserversimple\vrpnserversimple\vrpnserversimple.cpp(117): warning C4305: '+=' : truncation from 'double' to 'float'
     1>d:\git repos\unityfreeoculusbase\builddependencies\vprn\vrpnserversimple\vrpnserversimple\vrpnserversimple.cpp(119): warning C4018: '<' : signed/unsigned mismatch
     1>d:\git repos\unityfreeoculusbase\builddependencies\vprn\vrpnserversimple\vrpnserversimple\vrpnserversimple.cpp(170): warning C4018: '<' : signed/unsigned mismatch
       ManifestResourceCompile:
         C:\Program Files (x86)\Microsoft SDKs\Windows\v7.0A\bin\rc.exe /nologo /fo"Debug\vrpnServerSimple.exe.embed.manifest.res" Debug\vrpnServerSimple_manifest.rc 
       Link:
         C:\Program Files (x86)\Microsoft Visual Studio 10.0\VC\bin\link.exe /ERRORREPORT:PROMPT /OUT:"D:\git repos\UnityFreeOculusBase\BuildDependencies\VPRN\vrpnServerSimple\Debug\vrpnServerSimple.exe" /INCREMENTAL /NOLOGO /LIBPATH:..\vrpn\VC2008\Debug /LIBPATH:..\LibOVR\Lib\Win32\ vrpn.lib libovrd.lib kernel32.lib user32.lib gdi32.lib winspool.lib comdlg32.lib advapi32.lib shell32.lib ole32.lib oleaut32.lib uuid.lib odbc32.lib odbccp32.lib /MANIFEST /ManifestFile:"Debug\vrpnServerSimple.exe.intermediate.manifest" /MANIFESTUAC:"level='asInvoker' uiAccess='false'" /DEBUG /PDB:"D:\git repos\UnityFreeOculusBase\BuildDependencies\VPRN\vrpnServerSimple\Debug\vrpnServerSimple.pdb" /SUBSYSTEM:CONSOLE /TLBID:1 /DYNAMICBASE /NXCOMPAT /IMPLIB:"D:\git repos\UnityFreeOculusBase\BuildDependencies\VPRN\vrpnServerSimple\Debug\vrpnServerSimple.lib" /MACHINE:X86 Debug\vrpnServerSimple.exe.embed.manifest.res
         Debug\vrpnServerSimple.obj
     1>vrpnServerSimple.obj : error LNK2019: unresolved external symbol "public: __thiscall OculusManager::~OculusManager(void)" (??1OculusManager@@QAE@XZ) referenced in function "public: __thiscall OculusRiftTracker::OculusRiftTracker(class vrpn_Connection *)" (??0OculusRiftTracker@@QAE@PAVvrpn_Connection@@@Z)
     1>vrpnServerSimple.obj : error LNK2019: unresolved external symbol "public: __thiscall OculusManager::OculusManager(void)" (??0OculusManager@@QAE@XZ) referenced in function "public: __thiscall OculusRiftTracker::OculusRiftTracker(class vrpn_Connection *)" (??0OculusRiftTracker@@QAE@PAVvrpn_Connection@@@Z)
     1>vrpnServerSimple.obj : error LNK2019: unresolved external symbol "public: struct OculusQuaternion __thiscall OculusManager::GetOrientation(void)" (?GetOrientation@OculusManager@@QAE?AUOculusQuaternion@@XZ) referenced in function "public: virtual void __thiscall OculusRiftTracker::mainloop(void)" (?mainloop@OculusRiftTracker@@UAEXXZ)
     1>D:\git repos\UnityFreeOculusBase\BuildDependencies\VPRN\vrpnServerSimple\Debug\vrpnServerSimple.exe : fatal error LNK1120: 3 unresolved externals
     1>Done Building Project "D:\git repos\UnityFreeOculusBase\BuildDependencies\VPRN\vrpnServerSimple\vrpnServerSimple\vrpnServerSimple.vcxproj" (build target(s)) -- FAILED.

Build FAILED.

Time Elapsed 00:00:02.24
