D:\dl\vrpnServerSimple\vrpnServerSimple\Debug\vrpnServerSimple.pdb
D:\dl\vrpnServerSimple\vrpnServerSimple\vrpnServerSimple\Debug\cl.command.1.tlog
D:\dl\vrpnServerSimple\vrpnServerSimple\vrpnServerSimple\Debug\CL.read.1.tlog
D:\dl\vrpnServerSimple\vrpnServerSimple\vrpnServerSimple\Debug\CL.write.1.tlog
D:\dl\vrpnServerSimple\vrpnServerSimple\vrpnServerSimple\Debug\link.command.1.tlog
D:\dl\vrpnServerSimple\vrpnServerSimple\vrpnServerSimple\Debug\link.read.1.tlog
D:\dl\vrpnServerSimple\vrpnServerSimple\vrpnServerSimple\Debug\link.write.1.tlog
D:\DL\VRPNSERVERSIMPLE\VRPNSERVERSIMPLE\VRPNSERVERSIMPLE\DEBUG\OCULUSMANAGER.OBJ
D:\dl\vrpnServerSimple\vrpnServerSimple\vrpnServerSimple\Debug\rc.command.1.tlog
D:\dl\vrpnServerSimple\vrpnServerSimple\vrpnServerSimple\Debug\rc.read.1.tlog
D:\dl\vrpnServerSimple\vrpnServerSimple\vrpnServerSimple\Debug\rc.write.1.tlog
D:\dl\vrpnServerSimple\vrpnServerSimple\vrpnServerSimple\Debug\vc100.idb
D:\DL\VRPNSERVERSIMPLE\VRPNSERVERSIMPLE\VRPNSERVERSIMPLE\DEBUG\VC100.PDB
D:\dl\vrpnServerSimple\vrpnServerSimple\vrpnServerSimple\Debug\vrpnServerSimple.exe.embed.manifest
D:\DL\VRPNSERVERSIMPLE\VRPNSERVERSIMPLE\VRPNSERVERSIMPLE\DEBUG\VRPNSERVERSIMPLE.EXE.EMBED.MANIFEST.RES
D:\dl\vrpnServerSimple\vrpnServerSimple\vrpnServerSimple\Debug\vrpnServerSimple.exe.intermediate.manifest
D:\DL\VRPNSERVERSIMPLE\VRPNSERVERSIMPLE\VRPNSERVERSIMPLE\DEBUG\VRPNSERVERSIMPLE.OBJ
D:\dl\vrpnServerSimple\vrpnServerSimple\vrpnServerSimple\Debug\vrpnServerSimple.vcxprojResolveAssemblyReference.cache
D:\dl\vrpnServerSimple\vrpnServerSimple\vrpnServerSimple\Debug\vrpnServerSimple.write.1.tlog
D:\dl\vrpnServerSimple\vrpnServerSimple\vrpnServerSimple\Debug\vrpnServerSimple_manifest.rc
